<?xml version="1.0" encoding="UTF-8"?>
<!-- Generated by org.testng.reporters.JUnitReportReporter -->
<testsuite skipped="0" hostname="Riajurs-MacBook-Pro.local" name="MultiBrowser" tests="2" failures="0" timestamp="28 Jan 2023 13:01:42 GMT" time="6.208" errors="0">
  <testcase name="test" time="3.787" classname="MultiBrowser"/>
  <testcase name="test" time="2.421" classname="MultiBrowser"/>
</testsuite> <!-- MultiBrowser -->
