<?xml version="1.0" encoding="UTF-8"?>
<!-- Generated by org.testng.reporters.JUnitReportReporter -->
<testsuite skipped="0" hostname="Riajurs-MacBook-Pro.local" name="ParallelTest" tests="2" failures="0" timestamp="27 Jan 2023 11:40:32 GMT" time="25.581" errors="0">
  <testcase name="firefoxTest" time="12.400" classname="ParallelTest"/>
  <testcase name="chromeTest" time="13.181" classname="ParallelTest"/>
</testsuite> <!-- ParallelTest -->
